<?xml version="1.0" encoding="UTF-8"?>
<testsuite xmlns:xsi="http://www.w3.org/2001/XMLSchema-instance" xsi:noNamespaceSchemaLocation="https://maven.apache.org/surefire/maven-surefire-plugin/xsd/surefire-test-report.xsd" name="com.example.AppTest" time="0.025" tests="1" errors="0" skipped="0" failures="0">
  <properties>
    <property name="java.specification.version" value="17"/>
    <property name="sun.jnu.encoding" value="UTF-8"/>
    <property name="java.class.path" value="/Users/samuelrodriguez/Proyectos programación/siaChart/target/test-classes:/Users/samuelrodriguez/Proyectos programación/siaChart/target/classes:/Users/samuelrodriguez/.m2/repository/junit/junit/4.11/junit-4.11.jar:/Users/samuelrodriguez/.m2/repository/org/hamcrest/hamcrest-core/1.3/hamcrest-core-1.3.jar:/Users/samuelrodriguez/.m2/repository/mysql/mysql-connector-java/8.0.28/mysql-connector-java-8.0.28.jar:/Users/samuelrodriguez/.m2/repository/com/google/protobuf/protobuf-java/3.11.4/protobuf-java-3.11.4.jar:/Users/samuelrodriguez/.m2/repository/jfree/jfreechart/1.0.13/jfreechart-1.0.13.jar:/Users/samuelrodriguez/.m2/repository/jfree/jcommon/1.0.16/jcommon-1.0.16.jar:/Users/samuelrodriguez/.m2/repository/org/apache/commons/commons-math/2.2/commons-math-2.2.jar:/Users/samuelrodriguez/.m2/repository/org/openjfx/javafx-controls/20.0.2/javafx-controls-20.0.2.jar:/Users/samuelrodriguez/.m2/repository/org/openjfx/javafx-controls/20.0.2/javafx-controls-20.0.2-mac.jar:/Users/samuelrodriguez/.m2/repository/org/openjfx/javafx-graphics/20.0.2/javafx-graphics-20.0.2.jar:/Users/samuelrodriguez/.m2/repository/org/openjfx/javafx-graphics/20.0.2/javafx-graphics-20.0.2-mac.jar:/Users/samuelrodriguez/.m2/repository/org/openjfx/javafx-base/20.0.2/javafx-base-20.0.2.jar:/Users/samuelrodriguez/.m2/repository/org/openjfx/javafx-base/20.0.2/javafx-base-20.0.2-mac.jar:/Users/samuelrodriguez/.m2/repository/org/openjfx/javafx-fxml/20.0.2/javafx-fxml-20.0.2.jar:/Users/samuelrodriguez/.m2/repository/org/openjfx/javafx-fxml/20.0.2/javafx-fxml-20.0.2-mac.jar:"/>
    <property name="java.vm.vendor" value="Eclipse Adoptium"/>
    <property name="sun.arch.data.model" value="64"/>
    <property name="java.vendor.url" value="https://adoptium.net/"/>
    <property name="os.name" value="Mac OS X"/>
    <property name="java.vm.specification.version" value="17"/>
    <property name="sun.java.launcher" value="SUN_STANDARD"/>
    <property name="user.country" value="ES"/>
    <property name="sun.boot.library.path" value="/Library/Java/JavaVirtualMachines/temurin-17.jdk/Contents/Home/lib"/>
    <property name="sun.java.command" value="/Users/samuelrodriguez/Proyectos programación/siaChart/target/surefire/surefirebooter13334807742469807213.jar /Users/samuelrodriguez/Proyectos programación/siaChart/target/surefire 2023-07-21T16-41-19_861-jvmRun1 surefire7909517370466511987tmp surefire_012456004198922657218tmp"/>
    <property name="http.nonProxyHosts" value="local|*.local|169.254/16|*.169.254/16"/>
    <property name="jdk.debug" value="release"/>
    <property name="surefire.test.class.path" value="/Users/samuelrodriguez/Proyectos programación/siaChart/target/test-classes:/Users/samuelrodriguez/Proyectos programación/siaChart/target/classes:/Users/samuelrodriguez/.m2/repository/junit/junit/4.11/junit-4.11.jar:/Users/samuelrodriguez/.m2/repository/org/hamcrest/hamcrest-core/1.3/hamcrest-core-1.3.jar:/Users/samuelrodriguez/.m2/repository/mysql/mysql-connector-java/8.0.28/mysql-connector-java-8.0.28.jar:/Users/samuelrodriguez/.m2/repository/com/google/protobuf/protobuf-java/3.11.4/protobuf-java-3.11.4.jar:/Users/samuelrodriguez/.m2/repository/jfree/jfreechart/1.0.13/jfreechart-1.0.13.jar:/Users/samuelrodriguez/.m2/repository/jfree/jcommon/1.0.16/jcommon-1.0.16.jar:/Users/samuelrodriguez/.m2/repository/org/apache/commons/commons-math/2.2/commons-math-2.2.jar:/Users/samuelrodriguez/.m2/repository/org/openjfx/javafx-controls/20.0.2/javafx-controls-20.0.2.jar:/Users/samuelrodriguez/.m2/repository/org/openjfx/javafx-controls/20.0.2/javafx-controls-20.0.2-mac.jar:/Users/samuelrodriguez/.m2/repository/org/openjfx/javafx-graphics/20.0.2/javafx-graphics-20.0.2.jar:/Users/samuelrodriguez/.m2/repository/org/openjfx/javafx-graphics/20.0.2/javafx-graphics-20.0.2-mac.jar:/Users/samuelrodriguez/.m2/repository/org/openjfx/javafx-base/20.0.2/javafx-base-20.0.2.jar:/Users/samuelrodriguez/.m2/repository/org/openjfx/javafx-base/20.0.2/javafx-base-20.0.2-mac.jar:/Users/samuelrodriguez/.m2/repository/org/openjfx/javafx-fxml/20.0.2/javafx-fxml-20.0.2.jar:/Users/samuelrodriguez/.m2/repository/org/openjfx/javafx-fxml/20.0.2/javafx-fxml-20.0.2-mac.jar:"/>
    <property name="sun.cpu.endian" value="little"/>
    <property name="user.home" value="/Users/samuelrodriguez"/>
    <property name="user.language" value="es"/>
    <property name="java.specification.vendor" value="Oracle Corporation"/>
    <property name="java.version.date" value="2023-04-18"/>
    <property name="java.home" value="/Library/Java/JavaVirtualMachines/temurin-17.jdk/Contents/Home"/>
    <property name="file.separator" value="/"/>
    <property name="basedir" value="/Users/samuelrodriguez/Proyectos programación/siaChart"/>
    <property name="java.vm.compressedOopsMode" value="Zero based"/>
    <property name="line.separator" value="&#10;"/>
    <property name="java.specification.name" value="Java Platform API Specification"/>
    <property name="java.vm.specification.vendor" value="Oracle Corporation"/>
    <property name="surefire.real.class.path" value="/Users/samuelrodriguez/Proyectos programación/siaChart/target/surefire/surefirebooter13334807742469807213.jar"/>
    <property name="sun.management.compiler" value="HotSpot 64-Bit Tiered Compilers"/>
    <property name="ftp.nonProxyHosts" value="local|*.local|169.254/16|*.169.254/16"/>
    <property name="java.runtime.version" value="17.0.7+7"/>
    <property name="user.name" value="samuelrodriguez"/>
    <property name="path.separator" value=":"/>
    <property name="os.version" value="13.4.1"/>
    <property name="java.runtime.name" value="OpenJDK Runtime Environment"/>
    <property name="file.encoding" value="UTF-8"/>
    <property name="java.vm.name" value="OpenJDK 64-Bit Server VM"/>
    <property name="java.vendor.version" value="Temurin-17.0.7+7"/>
    <property name="localRepository" value="/Users/samuelrodriguez/.m2/repository"/>
    <property name="java.vendor.url.bug" value="https://github.com/adoptium/adoptium-support/issues"/>
    <property name="java.io.tmpdir" value="/var/folders/07/14g2c0ts4x915cn54601rrmm0000gn/T/"/>
    <property name="java.version" value="17.0.7"/>
    <property name="user.dir" value="/Users/samuelrodriguez/Proyectos programación/siaChart"/>
    <property name="os.arch" value="x86_64"/>
    <property name="java.vm.specification.name" value="Java Virtual Machine Specification"/>
    <property name="native.encoding" value="UTF-8"/>
    <property name="java.library.path" value="/Users/samuelrodriguez/Library/Java/Extensions:/Library/Java/Extensions:/Network/Library/Java/Extensions:/System/Library/Java/Extensions:/usr/lib/java:."/>
    <property name="java.vm.info" value="mixed mode, sharing"/>
    <property name="java.vendor" value="Eclipse Adoptium"/>
    <property name="java.vm.version" value="17.0.7+7"/>
    <property name="sun.io.unicode.encoding" value="UnicodeBig"/>
    <property name="socksNonProxyHosts" value="local|*.local|169.254/16|*.169.254/16"/>
    <property name="java.class.version" value="61.0"/>
  </properties>
  <testcase name="shouldAnswerWithTrue" classname="com.example.AppTest" time="0.001"/>
</testsuite>